<?xml version="1.0" encoding="UTF-8"?>
<!-- Generated by org.testng.reporters.JUnitReportReporter -->
<testsuite hostname="MilanThakkar" failures="0" tests="3" name="EcommerceWebsite.GadgetsGallery.LoginTest" time="24.552" errors="0" timestamp="2024-01-09T17:25:30 EST" skipped="0">
  <testcase classname="EcommerceWebsite.GadgetsGallery.LoginTest" name="verifyLoginFunc" time="10.613"/>
  <system-out/>
  <testcase classname="EcommerceWebsite.GadgetsGallery.LoginTest" name="verifyFailLoginFunc" time="7.484"/>
  <system-out/>
  <testcase classname="EcommerceWebsite.GadgetsGallery.LoginTest" name="NewCustomerLink" time="6.455"/>
  <system-out/>
</testsuite> <!-- EcommerceWebsite.GadgetsGallery.LoginTest -->
